<?xml version="1.0" encoding="UTF-8"?>
<testng-results ignored="0" total="1" passed="1" failed="0" skipped="0">
  <reporter-output>
  </reporter-output>
  <suite started-at="2026-09-22T13:07:44 IST" name="Default suite" finished-at="2026-09-22T13:07:57 IST" duration-ms="13296">
    <groups>
    </groups>
    <test started-at="2026-09-22T13:07:44 IST" name="Default test" finished-at="2026-09-22T13:07:57 IST" duration-ms="13296">
      <class name="tests.LoginTest">
        <test-method is-config="true" signature="setUp()[pri:0, instance:tests.LoginTest@49ec71f8]" started-at="2026-09-22T13:07:44 IST" name="setUp" finished-at="2026-09-22T13:07:56 IST" duration-ms="12515" status="PASS">
          <reporter-output>
          </reporter-output>
        </test-method> <!-- setUp -->
        <test-method signature="testSuccessfulLoginAndAddToCart()[pri:0, instance:tests.LoginTest@49ec71f8]" started-at="2026-09-22T13:07:56 IST" name="testSuccessfulLoginAndAddToCart" finished-at="2026-09-22T13:07:57 IST" duration-ms="387" status="PASS">
          <reporter-output>
          </reporter-output>
        </test-method> <!-- testSuccessfulLoginAndAddToCart -->
        <test-method is-config="true" signature="tearDown()[pri:0, instance:tests.LoginTest@49ec71f8]" started-at="2026-09-22T13:07:57 IST" name="tearDown" finished-at="2026-09-22T13:07:57 IST" duration-ms="332" status="PASS">
          <reporter-output>
          </reporter-output>
        </test-method> <!-- tearDown -->
      </class> <!-- tests.LoginTest -->
    </test> <!-- Default test -->
  </suite> <!-- Default suite -->
</testng-results>
